2004.05.21 17:36 B C:\websites\hmg\portfolio\bespoke_housing\various\800\inishmuskerry.jpg <-- HMG/CMG /hmgweb/portfolio/bespoke_housing/various/800 inishmuskerry.jpg
2004.05.21 17:36 B C:\websites\hmg\portfolio\bespoke_housing\various\800\leamareha.jpg <-- HMG/CMG /hmgweb/portfolio/bespoke_housing/various/800 leamareha.jpg
2004.05.21 17:36 B C:\websites\hmg\portfolio\bespoke_housing\various\800\leamareha_small.jpg <-- HMG/CMG /hmgweb/portfolio/bespoke_housing/various/800 leamareha_small.jpg
2004.05.21 17:37 B C:\websites\hmg\portfolio\bespoke_housing\various\800\lighthouse.jpg <-- HMG/CMG /hmgweb/portfolio/bespoke_housing/various/800 lighthouse.jpg
2004.05.21 17:37 B C:\websites\hmg\portfolio\bespoke_housing\various\800\various_1.jpg <-- HMG/CMG /hmgweb/portfolio/bespoke_housing/various/800 various_1.jpg
2004.05.21 17:37 B C:\websites\hmg\portfolio\bespoke_housing\various\800\various_2.jpg <-- HMG/CMG /hmgweb/portfolio/bespoke_housing/various/800 various_2.jpg
2004.05.21 17:38 B C:\websites\hmg\portfolio\bespoke_housing\various\800\various_3.jpg <-- HMG/CMG /hmgweb/portfolio/bespoke_housing/various/800 various_3.jpg
2004.05.21 17:38 B C:\websites\hmg\portfolio\bespoke_housing\various\800\various_ani.gif <-- HMG/CMG /hmgweb/portfolio/bespoke_housing/various/800 various_ani.gif
2004.05.21 17:38 B C:\websites\hmg\portfolio\bespoke_housing\various\800\various_ani_old.gif <-- HMG/CMG /hmgweb/portfolio/bespoke_housing/various/800 various_ani_old.gif
2004.05.21 17:39 B C:\websites\hmg\portfolio\bespoke_housing\various\800\various_small.jpg <-- HMG/CMG /hmgweb/portfolio/bespoke_housing/various/800 various_small.jpg
2004.05.25 10:45 B C:\websites\hmg\portfolio\bespoke_housing\various\800\inishmuskerry.jpg --> web2.hosting365.ie /hmg.ie/portfolio/bespoke_housing/various/800 inishmuskerry.jpg
2004.05.25 10:45 B C:\websites\hmg\portfolio\bespoke_housing\various\800\leamareha.jpg --> web2.hosting365.ie /hmg.ie/portfolio/bespoke_housing/various/800 leamareha.jpg
2004.05.25 10:45 B C:\websites\hmg\portfolio\bespoke_housing\various\800\leamareha_small.jpg --> web2.hosting365.ie /hmg.ie/portfolio/bespoke_housing/various/800 leamareha_small.jpg
2004.05.25 10:45 B C:\websites\hmg\portfolio\bespoke_housing\various\800\lighthouse.jpg --> web2.hosting365.ie /hmg.ie/portfolio/bespoke_housing/various/800 lighthouse.jpg
2004.05.25 10:45 B C:\websites\hmg\portfolio\bespoke_housing\various\800\various_1.jpg --> web2.hosting365.ie /hmg.ie/portfolio/bespoke_housing/various/800 various_1.jpg
2004.05.25 10:45 B C:\websites\hmg\portfolio\bespoke_housing\various\800\various_2.jpg --> web2.hosting365.ie /hmg.ie/portfolio/bespoke_housing/various/800 various_2.jpg
2004.05.25 10:45 B C:\websites\hmg\portfolio\bespoke_housing\various\800\various_3.jpg --> web2.hosting365.ie /hmg.ie/portfolio/bespoke_housing/various/800 various_3.jpg
2004.05.25 10:45 B C:\websites\hmg\portfolio\bespoke_housing\various\800\various_ani.gif --> web2.hosting365.ie /hmg.ie/portfolio/bespoke_housing/various/800 various_ani.gif
2004.05.25 10:45 B C:\websites\hmg\portfolio\bespoke_housing\various\800\various_ani_old.gif --> web2.hosting365.ie /hmg.ie/portfolio/bespoke_housing/various/800 various_ani_old.gif
2004.05.25 10:45 B C:\websites\hmg\portfolio\bespoke_housing\various\800\various_small.jpg --> web2.hosting365.ie /hmg.ie/portfolio/bespoke_housing/various/800 various_small.jpg
