2004.05.21 15:46 B C:\websites\hmg\_themes\blueprnt\_vti_cnf\blubanna.gif <-- HMG/CMG /hmgweb/_themes/blueprnt/_vti_cnf blubanna.gif
2004.05.21 15:47 B C:\websites\hmg\_themes\blueprnt\_vti_cnf\blubannd.gif <-- HMG/CMG /hmgweb/_themes/blueprnt/_vti_cnf blubannd.gif
2004.05.21 15:47 B C:\websites\hmg\_themes\blueprnt\_vti_cnf\blubul1a.gif <-- HMG/CMG /hmgweb/_themes/blueprnt/_vti_cnf blubul1a.gif
2004.05.21 15:47 B C:\websites\hmg\_themes\blueprnt\_vti_cnf\blubul1d.gif <-- HMG/CMG /hmgweb/_themes/blueprnt/_vti_cnf blubul1d.gif
2004.05.21 15:48 B C:\websites\hmg\_themes\blueprnt\_vti_cnf\blubul2a.gif <-- HMG/CMG /hmgweb/_themes/blueprnt/_vti_cnf blubul2a.gif
2004.05.21 15:48 B C:\websites\hmg\_themes\blueprnt\_vti_cnf\blubul2d.gif <-- HMG/CMG /hmgweb/_themes/blueprnt/_vti_cnf blubul2d.gif
2004.05.21 15:49 B C:\websites\hmg\_themes\blueprnt\_vti_cnf\blubul3a.gif <-- HMG/CMG /hmgweb/_themes/blueprnt/_vti_cnf blubul3a.gif
2004.05.21 15:49 B C:\websites\hmg\_themes\blueprnt\_vti_cnf\blubul3d.gif <-- HMG/CMG /hmgweb/_themes/blueprnt/_vti_cnf blubul3d.gif
2004.05.21 15:49 B C:\websites\hmg\_themes\blueprnt\_vti_cnf\blueprnt.inf <-- HMG/CMG /hmgweb/_themes/blueprnt/_vti_cnf blueprnt.inf
2004.05.21 15:50 B C:\websites\hmg\_themes\blueprnt\_vti_cnf\blueprnt.utf8 <-- HMG/CMG /hmgweb/_themes/blueprnt/_vti_cnf blueprnt.utf8
2004.05.21 15:50 B C:\websites\hmg\_themes\blueprnt\_vti_cnf\bluglob.gif <-- HMG/CMG /hmgweb/_themes/blueprnt/_vti_cnf bluglob.gif
2004.05.21 15:50 B C:\websites\hmg\_themes\blueprnt\_vti_cnf\bluhbuda.gif <-- HMG/CMG /hmgweb/_themes/blueprnt/_vti_cnf bluhbuda.gif
2004.05.21 15:51 B C:\websites\hmg\_themes\blueprnt\_vti_cnf\bluhbudd.gif <-- HMG/CMG /hmgweb/_themes/blueprnt/_vti_cnf bluhbudd.gif
2004.05.21 15:51 B C:\websites\hmg\_themes\blueprnt\_vti_cnf\bluhbuha.gif <-- HMG/CMG /hmgweb/_themes/blueprnt/_vti_cnf bluhbuha.gif
2004.05.21 15:51 B C:\websites\hmg\_themes\blueprnt\_vti_cnf\bluhbusa.gif <-- HMG/CMG /hmgweb/_themes/blueprnt/_vti_cnf bluhbusa.gif
2004.05.21 15:52 B C:\websites\hmg\_themes\blueprnt\_vti_cnf\bluhbusd.gif <-- HMG/CMG /hmgweb/_themes/blueprnt/_vti_cnf bluhbusd.gif
2004.05.21 15:52 B C:\websites\hmg\_themes\blueprnt\_vti_cnf\bluhombd.gif <-- HMG/CMG /hmgweb/_themes/blueprnt/_vti_cnf bluhombd.gif
2004.05.21 15:52 B C:\websites\hmg\_themes\blueprnt\_vti_cnf\bluhomda.gif <-- HMG/CMG /hmgweb/_themes/blueprnt/_vti_cnf bluhomda.gif
2004.05.21 15:53 B C:\websites\hmg\_themes\blueprnt\_vti_cnf\bluhomha.gif <-- HMG/CMG /hmgweb/_themes/blueprnt/_vti_cnf bluhomha.gif
2004.05.21 15:53 B C:\websites\hmg\_themes\blueprnt\_vti_cnf\bluhomsa.gif <-- HMG/CMG /hmgweb/_themes/blueprnt/_vti_cnf bluhomsa.gif
2004.05.21 15:54 B C:\websites\hmg\_themes\blueprnt\_vti_cnf\bluhorsa.gif <-- HMG/CMG /hmgweb/_themes/blueprnt/_vti_cnf bluhorsa.gif
2004.05.21 15:54 B C:\websites\hmg\_themes\blueprnt\_vti_cnf\bluhorsd.gif <-- HMG/CMG /hmgweb/_themes/blueprnt/_vti_cnf bluhorsd.gif
2004.05.21 15:54 B C:\websites\hmg\_themes\blueprnt\_vti_cnf\blunexbd.gif <-- HMG/CMG /hmgweb/_themes/blueprnt/_vti_cnf blunexbd.gif
2004.05.21 15:55 B C:\websites\hmg\_themes\blueprnt\_vti_cnf\blunexda.gif <-- HMG/CMG /hmgweb/_themes/blueprnt/_vti_cnf blunexda.gif
2004.05.21 15:55 B C:\websites\hmg\_themes\blueprnt\_vti_cnf\blunexha.gif <-- HMG/CMG /hmgweb/_themes/blueprnt/_vti_cnf blunexha.gif
2004.05.21 15:55 B C:\websites\hmg\_themes\blueprnt\_vti_cnf\blunexsa.gif <-- HMG/CMG /hmgweb/_themes/blueprnt/_vti_cnf blunexsa.gif
2004.05.21 15:56 B C:\websites\hmg\_themes\blueprnt\_vti_cnf\bluprebd.gif <-- HMG/CMG /hmgweb/_themes/blueprnt/_vti_cnf bluprebd.gif
2004.05.21 15:56 B C:\websites\hmg\_themes\blueprnt\_vti_cnf\blupreda.gif <-- HMG/CMG /hmgweb/_themes/blueprnt/_vti_cnf blupreda.gif
2004.05.21 15:56 B C:\websites\hmg\_themes\blueprnt\_vti_cnf\blupreha.gif <-- HMG/CMG /hmgweb/_themes/blueprnt/_vti_cnf blupreha.gif
2004.05.21 15:57 B C:\websites\hmg\_themes\blueprnt\_vti_cnf\blupresa.gif <-- HMG/CMG /hmgweb/_themes/blueprnt/_vti_cnf blupresa.gif
2004.05.21 15:57 B C:\websites\hmg\_themes\blueprnt\_vti_cnf\blutextb.gif <-- HMG/CMG /hmgweb/_themes/blueprnt/_vti_cnf blutextb.gif
2004.05.21 15:57 B C:\websites\hmg\_themes\blueprnt\_vti_cnf\bluupbd.gif <-- HMG/CMG /hmgweb/_themes/blueprnt/_vti_cnf bluupbd.gif
2004.05.21 15:58 B C:\websites\hmg\_themes\blueprnt\_vti_cnf\bluupda.gif <-- HMG/CMG /hmgweb/_themes/blueprnt/_vti_cnf bluupda.gif
2004.05.21 15:58 B C:\websites\hmg\_themes\blueprnt\_vti_cnf\bluupha.gif <-- HMG/CMG /hmgweb/_themes/blueprnt/_vti_cnf bluupha.gif
2004.05.21 15:59 B C:\websites\hmg\_themes\blueprnt\_vti_cnf\bluupsa.gif <-- HMG/CMG /hmgweb/_themes/blueprnt/_vti_cnf bluupsa.gif
2004.05.21 15:59 B C:\websites\hmg\_themes\blueprnt\_vti_cnf\bluvbuda.gif <-- HMG/CMG /hmgweb/_themes/blueprnt/_vti_cnf bluvbuda.gif
2004.05.21 15:59 B C:\websites\hmg\_themes\blueprnt\_vti_cnf\bluvbudd.gif <-- HMG/CMG /hmgweb/_themes/blueprnt/_vti_cnf bluvbudd.gif
2004.05.21 16:00 B C:\websites\hmg\_themes\blueprnt\_vti_cnf\bluvbuha.gif <-- HMG/CMG /hmgweb/_themes/blueprnt/_vti_cnf bluvbuha.gif
2004.05.21 16:00 B C:\websites\hmg\_themes\blueprnt\_vti_cnf\bluvbusd.gif <-- HMG/CMG /hmgweb/_themes/blueprnt/_vti_cnf bluvbusd.gif
2004.05.21 16:00 B C:\websites\hmg\_themes\blueprnt\_vti_cnf\buvbusa.gif <-- HMG/CMG /hmgweb/_themes/blueprnt/_vti_cnf buvbusa.gif
2004.05.21 16:01 B C:\websites\hmg\_themes\blueprnt\_vti_cnf\color0.css <-- HMG/CMG /hmgweb/_themes/blueprnt/_vti_cnf color0.css
2004.05.21 16:01 B C:\websites\hmg\_themes\blueprnt\_vti_cnf\color1.css <-- HMG/CMG /hmgweb/_themes/blueprnt/_vti_cnf color1.css
2004.05.21 16:01 B C:\websites\hmg\_themes\blueprnt\_vti_cnf\custom.css <-- HMG/CMG /hmgweb/_themes/blueprnt/_vti_cnf custom.css
2004.05.21 16:02 B C:\websites\hmg\_themes\blueprnt\_vti_cnf\graph0.css <-- HMG/CMG /hmgweb/_themes/blueprnt/_vti_cnf graph0.css
2004.05.21 16:02 B C:\websites\hmg\_themes\blueprnt\_vti_cnf\graph1.css <-- HMG/CMG /hmgweb/_themes/blueprnt/_vti_cnf graph1.css
2004.05.21 16:02 B C:\websites\hmg\_themes\blueprnt\_vti_cnf\theme.css <-- HMG/CMG /hmgweb/_themes/blueprnt/_vti_cnf theme.css
2004.05.26 14:13 B C:\websites\hmg\_themes\blueprnt\_vti_cnf\blubanna.gif --> web2.hosting365.ie /hmg.ie/_themes/blueprnt/_vti_cnf blubanna.gif
2004.05.26 14:13 B C:\websites\hmg\_themes\blueprnt\_vti_cnf\blubannd.gif --> web2.hosting365.ie /hmg.ie/_themes/blueprnt/_vti_cnf blubannd.gif
2004.05.26 14:13 B C:\websites\hmg\_themes\blueprnt\_vti_cnf\blubul1a.gif --> web2.hosting365.ie /hmg.ie/_themes/blueprnt/_vti_cnf blubul1a.gif
2004.05.26 14:13 B C:\websites\hmg\_themes\blueprnt\_vti_cnf\blubul1d.gif --> web2.hosting365.ie /hmg.ie/_themes/blueprnt/_vti_cnf blubul1d.gif
2004.05.26 14:13 B C:\websites\hmg\_themes\blueprnt\_vti_cnf\blubul2a.gif --> web2.hosting365.ie /hmg.ie/_themes/blueprnt/_vti_cnf blubul2a.gif
2004.05.26 14:13 B C:\websites\hmg\_themes\blueprnt\_vti_cnf\blubul2d.gif --> web2.hosting365.ie /hmg.ie/_themes/blueprnt/_vti_cnf blubul2d.gif
2004.05.26 14:13 B C:\websites\hmg\_themes\blueprnt\_vti_cnf\blubul3a.gif --> web2.hosting365.ie /hmg.ie/_themes/blueprnt/_vti_cnf blubul3a.gif
2004.05.26 14:13 B C:\websites\hmg\_themes\blueprnt\_vti_cnf\blubul3d.gif --> web2.hosting365.ie /hmg.ie/_themes/blueprnt/_vti_cnf blubul3d.gif
2004.05.26 14:13 B C:\websites\hmg\_themes\blueprnt\_vti_cnf\blueprnt.inf --> web2.hosting365.ie /hmg.ie/_themes/blueprnt/_vti_cnf blueprnt.inf
2004.05.26 14:13 B C:\websites\hmg\_themes\blueprnt\_vti_cnf\blueprnt.utf8 --> web2.hosting365.ie /hmg.ie/_themes/blueprnt/_vti_cnf blueprnt.utf8
2004.05.26 14:13 B C:\websites\hmg\_themes\blueprnt\_vti_cnf\bluglob.gif --> web2.hosting365.ie /hmg.ie/_themes/blueprnt/_vti_cnf bluglob.gif
2004.05.26 14:13 B C:\websites\hmg\_themes\blueprnt\_vti_cnf\bluhbuda.gif --> web2.hosting365.ie /hmg.ie/_themes/blueprnt/_vti_cnf bluhbuda.gif
2004.05.26 14:13 B C:\websites\hmg\_themes\blueprnt\_vti_cnf\bluhbudd.gif --> web2.hosting365.ie /hmg.ie/_themes/blueprnt/_vti_cnf bluhbudd.gif
2004.05.26 14:13 B C:\websites\hmg\_themes\blueprnt\_vti_cnf\bluhbuha.gif --> web2.hosting365.ie /hmg.ie/_themes/blueprnt/_vti_cnf bluhbuha.gif
2004.05.26 14:13 B C:\websites\hmg\_themes\blueprnt\_vti_cnf\bluhbusa.gif --> web2.hosting365.ie /hmg.ie/_themes/blueprnt/_vti_cnf bluhbusa.gif
2004.05.26 14:13 B C:\websites\hmg\_themes\blueprnt\_vti_cnf\bluhbusd.gif --> web2.hosting365.ie /hmg.ie/_themes/blueprnt/_vti_cnf bluhbusd.gif
2004.05.26 14:13 B C:\websites\hmg\_themes\blueprnt\_vti_cnf\bluhombd.gif --> web2.hosting365.ie /hmg.ie/_themes/blueprnt/_vti_cnf bluhombd.gif
2004.05.26 14:13 B C:\websites\hmg\_themes\blueprnt\_vti_cnf\bluhomda.gif --> web2.hosting365.ie /hmg.ie/_themes/blueprnt/_vti_cnf bluhomda.gif
2004.05.26 14:13 B C:\websites\hmg\_themes\blueprnt\_vti_cnf\bluhomha.gif --> web2.hosting365.ie /hmg.ie/_themes/blueprnt/_vti_cnf bluhomha.gif
2004.05.26 14:13 B C:\websites\hmg\_themes\blueprnt\_vti_cnf\bluhomsa.gif --> web2.hosting365.ie /hmg.ie/_themes/blueprnt/_vti_cnf bluhomsa.gif
2004.05.26 14:13 B C:\websites\hmg\_themes\blueprnt\_vti_cnf\bluhorsa.gif --> web2.hosting365.ie /hmg.ie/_themes/blueprnt/_vti_cnf bluhorsa.gif
2004.05.26 14:13 B C:\websites\hmg\_themes\blueprnt\_vti_cnf\bluhorsd.gif --> web2.hosting365.ie /hmg.ie/_themes/blueprnt/_vti_cnf bluhorsd.gif
2004.05.26 14:13 B C:\websites\hmg\_themes\blueprnt\_vti_cnf\blunexbd.gif --> web2.hosting365.ie /hmg.ie/_themes/blueprnt/_vti_cnf blunexbd.gif
2004.05.26 14:13 B C:\websites\hmg\_themes\blueprnt\_vti_cnf\blunexda.gif --> web2.hosting365.ie /hmg.ie/_themes/blueprnt/_vti_cnf blunexda.gif
2004.05.26 14:13 B C:\websites\hmg\_themes\blueprnt\_vti_cnf\blunexha.gif --> web2.hosting365.ie /hmg.ie/_themes/blueprnt/_vti_cnf blunexha.gif
2004.05.26 14:13 B C:\websites\hmg\_themes\blueprnt\_vti_cnf\blunexsa.gif --> web2.hosting365.ie /hmg.ie/_themes/blueprnt/_vti_cnf blunexsa.gif
2004.05.26 14:13 B C:\websites\hmg\_themes\blueprnt\_vti_cnf\bluprebd.gif --> web2.hosting365.ie /hmg.ie/_themes/blueprnt/_vti_cnf bluprebd.gif
2004.05.26 14:13 B C:\websites\hmg\_themes\blueprnt\_vti_cnf\blupreda.gif --> web2.hosting365.ie /hmg.ie/_themes/blueprnt/_vti_cnf blupreda.gif
2004.05.26 14:13 B C:\websites\hmg\_themes\blueprnt\_vti_cnf\blupreha.gif --> web2.hosting365.ie /hmg.ie/_themes/blueprnt/_vti_cnf blupreha.gif
2004.05.26 14:13 B C:\websites\hmg\_themes\blueprnt\_vti_cnf\blupresa.gif --> web2.hosting365.ie /hmg.ie/_themes/blueprnt/_vti_cnf blupresa.gif
2004.05.26 14:13 B C:\websites\hmg\_themes\blueprnt\_vti_cnf\blutextb.gif --> web2.hosting365.ie /hmg.ie/_themes/blueprnt/_vti_cnf blutextb.gif
2004.05.26 14:13 B C:\websites\hmg\_themes\blueprnt\_vti_cnf\bluupbd.gif --> web2.hosting365.ie /hmg.ie/_themes/blueprnt/_vti_cnf bluupbd.gif
2004.05.26 14:13 B C:\websites\hmg\_themes\blueprnt\_vti_cnf\bluupda.gif --> web2.hosting365.ie /hmg.ie/_themes/blueprnt/_vti_cnf bluupda.gif
2004.05.26 14:13 B C:\websites\hmg\_themes\blueprnt\_vti_cnf\bluupha.gif --> web2.hosting365.ie /hmg.ie/_themes/blueprnt/_vti_cnf bluupha.gif
2004.05.26 14:13 B C:\websites\hmg\_themes\blueprnt\_vti_cnf\bluupsa.gif --> web2.hosting365.ie /hmg.ie/_themes/blueprnt/_vti_cnf bluupsa.gif
2004.05.26 14:13 B C:\websites\hmg\_themes\blueprnt\_vti_cnf\bluvbuda.gif --> web2.hosting365.ie /hmg.ie/_themes/blueprnt/_vti_cnf bluvbuda.gif
2004.05.26 14:13 B C:\websites\hmg\_themes\blueprnt\_vti_cnf\bluvbudd.gif --> web2.hosting365.ie /hmg.ie/_themes/blueprnt/_vti_cnf bluvbudd.gif
2004.05.26 14:13 B C:\websites\hmg\_themes\blueprnt\_vti_cnf\bluvbuha.gif --> web2.hosting365.ie /hmg.ie/_themes/blueprnt/_vti_cnf bluvbuha.gif
2004.05.26 14:13 B C:\websites\hmg\_themes\blueprnt\_vti_cnf\bluvbusd.gif --> web2.hosting365.ie /hmg.ie/_themes/blueprnt/_vti_cnf bluvbusd.gif
2004.05.26 14:13 B C:\websites\hmg\_themes\blueprnt\_vti_cnf\buvbusa.gif --> web2.hosting365.ie /hmg.ie/_themes/blueprnt/_vti_cnf buvbusa.gif
2004.05.26 14:13 B C:\websites\hmg\_themes\blueprnt\_vti_cnf\color0.css --> web2.hosting365.ie /hmg.ie/_themes/blueprnt/_vti_cnf color0.css
2004.05.26 14:13 B C:\websites\hmg\_themes\blueprnt\_vti_cnf\color1.css --> web2.hosting365.ie /hmg.ie/_themes/blueprnt/_vti_cnf color1.css
2004.05.26 14:13 B C:\websites\hmg\_themes\blueprnt\_vti_cnf\custom.css --> web2.hosting365.ie /hmg.ie/_themes/blueprnt/_vti_cnf custom.css
2004.05.26 14:13 B C:\websites\hmg\_themes\blueprnt\_vti_cnf\graph0.css --> web2.hosting365.ie /hmg.ie/_themes/blueprnt/_vti_cnf graph0.css
2004.05.26 14:13 B C:\websites\hmg\_themes\blueprnt\_vti_cnf\graph1.css --> web2.hosting365.ie /hmg.ie/_themes/blueprnt/_vti_cnf graph1.css
2004.05.26 14:13 B C:\websites\hmg\_themes\blueprnt\_vti_cnf\theme.css --> web2.hosting365.ie /hmg.ie/_themes/blueprnt/_vti_cnf theme.css
