2004.05.21 16:22 B C:\websites\hmg\_vti_pvt\_x_todo.htm <-- HMG/CMG /hmgweb/_vti_pvt _x_todo.htm
2004.05.21 16:23 B C:\websites\hmg\_vti_pvt\_x_todoh.htm <-- HMG/CMG /hmgweb/_vti_pvt _x_todoh.htm
2004.05.21 16:23 B C:\websites\hmg\_vti_pvt\botinfs.cnf <-- HMG/CMG /hmgweb/_vti_pvt botinfs.cnf
2004.05.21 16:23 B C:\websites\hmg\_vti_pvt\bots.cnf <-- HMG/CMG /hmgweb/_vti_pvt bots.cnf
2004.05.21 16:24 B C:\websites\hmg\_vti_pvt\deptodoc.btr <-- HMG/CMG /hmgweb/_vti_pvt deptodoc.btr
2004.05.21 16:24 B C:\websites\hmg\_vti_pvt\doctodep.btr <-- HMG/CMG /hmgweb/_vti_pvt doctodep.btr
2004.05.21 16:24 B C:\websites\hmg\_vti_pvt\linkinfo.cnf <-- HMG/CMG /hmgweb/_vti_pvt linkinfo.cnf
2004.05.21 16:25 B C:\websites\hmg\_vti_pvt\service.cnf <-- HMG/CMG /hmgweb/_vti_pvt service.cnf
2004.05.21 16:25 B C:\websites\hmg\_vti_pvt\services.cnf <-- HMG/CMG /hmgweb/_vti_pvt services.cnf
2004.05.21 16:26 B C:\websites\hmg\_vti_pvt\structure.cnf <-- HMG/CMG /hmgweb/_vti_pvt structure.cnf
2004.05.26 14:14 B C:\websites\hmg\_vti_pvt\_x_todo.htm --> web2.hosting365.ie /hmg.ie/_vti_pvt _x_todo.htm
2004.05.26 14:14 B C:\websites\hmg\_vti_pvt\_x_todoh.htm --> web2.hosting365.ie /hmg.ie/_vti_pvt _x_todoh.htm
2004.05.26 14:14 B C:\websites\hmg\_vti_pvt\botinfs.cnf --> web2.hosting365.ie /hmg.ie/_vti_pvt botinfs.cnf
2004.05.26 14:14 B C:\websites\hmg\_vti_pvt\bots.cnf --> web2.hosting365.ie /hmg.ie/_vti_pvt bots.cnf
2004.05.26 14:14 B C:\websites\hmg\_vti_pvt\deptodoc.btr --> web2.hosting365.ie /hmg.ie/_vti_pvt deptodoc.btr
2004.05.26 14:14 B C:\websites\hmg\_vti_pvt\doctodep.btr --> web2.hosting365.ie /hmg.ie/_vti_pvt doctodep.btr
2004.05.26 14:14 B C:\websites\hmg\_vti_pvt\linkinfo.cnf --> web2.hosting365.ie /hmg.ie/_vti_pvt linkinfo.cnf
2004.05.26 14:14 B C:\websites\hmg\_vti_pvt\service.cnf --> web2.hosting365.ie /hmg.ie/_vti_pvt service.cnf
2004.05.26 14:14 B C:\websites\hmg\_vti_pvt\service.lck --> web2.hosting365.ie /hmg.ie/_vti_pvt service.lck
2004.05.26 14:14 B C:\websites\hmg\_vti_pvt\services.cnf --> web2.hosting365.ie /hmg.ie/_vti_pvt services.cnf
2004.05.26 14:14 B C:\websites\hmg\_vti_pvt\structure.cnf --> web2.hosting365.ie /hmg.ie/_vti_pvt structure.cnf
