2004.05.21 16:35 B C:\websites\hmg\images\800\bg_cross.gif <-- HMG/CMG /hmgweb/images/800 bg_cross.gif
2004.05.21 16:35 B C:\websites\hmg\images\800\ghosted_image.jpg <-- HMG/CMG /hmgweb/images/800 ghosted_image.jpg
2004.05.21 16:36 B C:\websites\hmg\images\800\hc.gif <-- HMG/CMG /hmgweb/images/800 hc.gif
2004.05.21 16:36 B C:\websites\hmg\images\800\height_spacer.gif <-- HMG/CMG /hmgweb/images/800 height_spacer.gif
2004.05.21 16:36 B C:\websites\hmg\images\800\home.jpg <-- HMG/CMG /hmgweb/images/800 home.jpg
2004.05.21 16:37 B C:\websites\hmg\images\800\horiz_grey_bar.jpg <-- HMG/CMG /hmgweb/images/800 horiz_grey_bar.jpg
2004.05.21 16:37 B C:\websites\hmg\images\800\logo.jpg <-- HMG/CMG /hmgweb/images/800 logo.jpg
2004.05.21 16:37 B C:\websites\hmg\images\800\menu_bar.jpg <-- HMG/CMG /hmgweb/images/800 menu_bar.jpg
2004.05.21 16:38 B C:\websites\hmg\images\800\menu_bgd.jpg <-- HMG/CMG /hmgweb/images/800 menu_bgd.jpg
2004.05.21 16:38 B C:\websites\hmg\images\800\orange_dash.gif <-- HMG/CMG /hmgweb/images/800 orange_dash.gif
2004.05.21 16:38 B C:\websites\hmg\images\800\portfolio_box_off.gif <-- HMG/CMG /hmgweb/images/800 portfolio_box_off.gif
2004.05.21 16:39 B C:\websites\hmg\images\800\portfolio_box_on.gif <-- HMG/CMG /hmgweb/images/800 portfolio_box_on.gif
2004.05.21 16:39 B C:\websites\hmg\images\800\portfolio_details_bgd.jpg <-- HMG/CMG /hmgweb/images/800 portfolio_details_bgd.jpg
2004.05.21 16:40 B C:\websites\hmg\images\800\portfolio_main.jpg <-- HMG/CMG /hmgweb/images/800 portfolio_main.jpg
2004.05.21 16:40 B C:\websites\hmg\images\800\portfolio_main_old.jpg <-- HMG/CMG /hmgweb/images/800 portfolio_main_old.jpg
2004.05.21 16:40 B C:\websites\hmg\images\800\portfolio_strip.jpg <-- HMG/CMG /hmgweb/images/800 portfolio_strip.jpg
2004.05.21 16:41 B C:\websites\hmg\images\800\portfolio_strip_old.jpg <-- HMG/CMG /hmgweb/images/800 portfolio_strip_old.jpg
2004.05.21 16:41 B C:\websites\hmg\images\800\return.gif <-- HMG/CMG /hmgweb/images/800 return.gif
2004.05.21 16:41 B C:\websites\hmg\images\800\strip_small.swf <-- HMG/CMG /hmgweb/images/800 strip_small.swf
2004.05.21 16:42 B C:\websites\hmg\images\800\vert_bar.jpg <-- HMG/CMG /hmgweb/images/800 vert_bar.jpg
2004.05.25 10:41 B C:\websites\hmg\images\800\bg_cross.gif --> web2.hosting365.ie /hmg.ie/images/800 bg_cross.gif
2004.05.25 10:41 B C:\websites\hmg\images\800\ghosted_image.jpg --> web2.hosting365.ie /hmg.ie/images/800 ghosted_image.jpg
2004.05.25 10:41 B C:\websites\hmg\images\800\hc.gif --> web2.hosting365.ie /hmg.ie/images/800 hc.gif
2004.05.25 10:41 B C:\websites\hmg\images\800\height_spacer.gif --> web2.hosting365.ie /hmg.ie/images/800 height_spacer.gif
2004.05.25 10:41 B C:\websites\hmg\images\800\home.jpg --> web2.hosting365.ie /hmg.ie/images/800 home.jpg
2004.05.25 10:41 B C:\websites\hmg\images\800\horiz_grey_bar.jpg --> web2.hosting365.ie /hmg.ie/images/800 horiz_grey_bar.jpg
2004.05.25 10:41 B C:\websites\hmg\images\800\logo.jpg --> web2.hosting365.ie /hmg.ie/images/800 logo.jpg
2004.05.25 10:41 B C:\websites\hmg\images\800\menu_bar.jpg --> web2.hosting365.ie /hmg.ie/images/800 menu_bar.jpg
2004.05.25 10:41 B C:\websites\hmg\images\800\menu_bgd.jpg --> web2.hosting365.ie /hmg.ie/images/800 menu_bgd.jpg
2004.05.25 10:41 B C:\websites\hmg\images\800\orange_dash.gif --> web2.hosting365.ie /hmg.ie/images/800 orange_dash.gif
2004.05.25 10:41 B C:\websites\hmg\images\800\portfolio_box_off.gif --> web2.hosting365.ie /hmg.ie/images/800 portfolio_box_off.gif
2004.05.25 10:41 B C:\websites\hmg\images\800\portfolio_box_on.gif --> web2.hosting365.ie /hmg.ie/images/800 portfolio_box_on.gif
2004.05.25 10:41 B C:\websites\hmg\images\800\portfolio_details_bgd.jpg --> web2.hosting365.ie /hmg.ie/images/800 portfolio_details_bgd.jpg
2004.05.25 10:41 B C:\websites\hmg\images\800\portfolio_main.jpg --> web2.hosting365.ie /hmg.ie/images/800 portfolio_main.jpg
2004.05.25 10:41 B C:\websites\hmg\images\800\portfolio_main_old.jpg --> web2.hosting365.ie /hmg.ie/images/800 portfolio_main_old.jpg
2004.05.25 10:41 B C:\websites\hmg\images\800\portfolio_strip.jpg --> web2.hosting365.ie /hmg.ie/images/800 portfolio_strip.jpg
2004.05.25 10:41 B C:\websites\hmg\images\800\portfolio_strip_old.jpg --> web2.hosting365.ie /hmg.ie/images/800 portfolio_strip_old.jpg
2004.05.25 10:41 B C:\websites\hmg\images\800\return.gif --> web2.hosting365.ie /hmg.ie/images/800 return.gif
2004.05.25 10:41 B C:\websites\hmg\images\800\strip_small.swf --> web2.hosting365.ie /hmg.ie/images/800 strip_small.swf
2004.05.25 10:41 B C:\websites\hmg\images\800\vert_bar.jpg --> web2.hosting365.ie /hmg.ie/images/800 vert_bar.jpg
