2004.05.21 16:30 B C:\websites\hmg\images\1024\bg_cross.gif <-- HMG/CMG /hmgweb/images/1024 bg_cross.gif
2004.05.21 16:30 B C:\websites\hmg\images\1024\cross.gif <-- HMG/CMG /hmgweb/images/1024 cross.gif
2004.05.21 16:31 B C:\websites\hmg\images\1024\orange_dash.gif <-- HMG/CMG /hmgweb/images/1024 orange_dash.gif
2004.05.21 16:31 B C:\websites\hmg\images\1024\portfolio_details_bgd.jpg <-- HMG/CMG /hmgweb/images/1024 portfolio_details_bgd.jpg
2004.05.21 16:31 B C:\websites\hmg\images\1024\portfolio_details_bgd_test.jpg <-- HMG/CMG /hmgweb/images/1024 portfolio_details_bgd_test.jpg
2004.05.21 16:32 B C:\websites\hmg\images\1024\portfolio_main.jpg <-- HMG/CMG /hmgweb/images/1024 portfolio_main.jpg
2004.05.21 16:32 B C:\websites\hmg\images\1024\portfolio_strip.jpg <-- HMG/CMG /hmgweb/images/1024 portfolio_strip.jpg
2004.05.21 16:32 B C:\websites\hmg\images\1024\portfolio_strip_old.jpg <-- HMG/CMG /hmgweb/images/1024 portfolio_strip_old.jpg
2004.05.21 16:33 B C:\websites\hmg\images\1024\strip_big.swf <-- HMG/CMG /hmgweb/images/1024 strip_big.swf
2004.05.21 16:33 B C:\websites\hmg\images\1024\strip_big_original.swf <-- HMG/CMG /hmgweb/images/1024 strip_big_original.swf
2004.05.25 10:41 B C:\websites\hmg\images\1024\bg_cross.gif --> web2.hosting365.ie /hmg.ie/images/1024 bg_cross.gif
2004.05.25 10:41 B C:\websites\hmg\images\1024\cross.gif --> web2.hosting365.ie /hmg.ie/images/1024 cross.gif
2004.05.25 10:41 B C:\websites\hmg\images\1024\orange_dash.gif --> web2.hosting365.ie /hmg.ie/images/1024 orange_dash.gif
2004.05.25 10:41 B C:\websites\hmg\images\1024\portfolio_details_bgd.jpg --> web2.hosting365.ie /hmg.ie/images/1024 portfolio_details_bgd.jpg
2004.05.25 10:41 B C:\websites\hmg\images\1024\portfolio_details_bgd_test.jpg --> web2.hosting365.ie /hmg.ie/images/1024 portfolio_details_bgd_test.jpg
2004.05.25 10:41 B C:\websites\hmg\images\1024\portfolio_main.jpg --> web2.hosting365.ie /hmg.ie/images/1024 portfolio_main.jpg
2004.05.25 10:41 B C:\websites\hmg\images\1024\portfolio_strip.jpg --> web2.hosting365.ie /hmg.ie/images/1024 portfolio_strip.jpg
2004.05.25 10:41 B C:\websites\hmg\images\1024\portfolio_strip_old.jpg --> web2.hosting365.ie /hmg.ie/images/1024 portfolio_strip_old.jpg
2004.05.25 10:41 B C:\websites\hmg\images\1024\strip_big.swf --> web2.hosting365.ie /hmg.ie/images/1024 strip_big.swf
2004.05.25 10:41 B C:\websites\hmg\images\1024\strip_big_original.swf --> web2.hosting365.ie /hmg.ie/images/1024 strip_big_original.swf
