2004.05.21 16:03 B C:\websites\hmg\_themes\blueprnt\blubanna.gif <-- HMG/CMG /hmgweb/_themes/blueprnt blubanna.gif
2004.05.21 16:03 B C:\websites\hmg\_themes\blueprnt\blubannd.gif <-- HMG/CMG /hmgweb/_themes/blueprnt blubannd.gif
2004.05.21 16:04 B C:\websites\hmg\_themes\blueprnt\blubul1a.gif <-- HMG/CMG /hmgweb/_themes/blueprnt blubul1a.gif
2004.05.21 16:04 B C:\websites\hmg\_themes\blueprnt\blubul1d.gif <-- HMG/CMG /hmgweb/_themes/blueprnt blubul1d.gif
2004.05.21 16:04 B C:\websites\hmg\_themes\blueprnt\blubul2a.gif <-- HMG/CMG /hmgweb/_themes/blueprnt blubul2a.gif
2004.05.21 16:05 B C:\websites\hmg\_themes\blueprnt\blubul2d.gif <-- HMG/CMG /hmgweb/_themes/blueprnt blubul2d.gif
2004.05.21 16:05 B C:\websites\hmg\_themes\blueprnt\blubul3a.gif <-- HMG/CMG /hmgweb/_themes/blueprnt blubul3a.gif
2004.05.21 16:05 B C:\websites\hmg\_themes\blueprnt\blubul3d.gif <-- HMG/CMG /hmgweb/_themes/blueprnt blubul3d.gif
2004.05.21 16:06 B C:\websites\hmg\_themes\blueprnt\blue1111.css <-- HMG/CMG /hmgweb/_themes/blueprnt blue1111.css
2004.05.21 16:06 B C:\websites\hmg\_themes\blueprnt\blueprnt.inf <-- HMG/CMG /hmgweb/_themes/blueprnt blueprnt.inf
2004.05.21 16:06 B C:\websites\hmg\_themes\blueprnt\blueprnt.utf8 <-- HMG/CMG /hmgweb/_themes/blueprnt blueprnt.utf8
2004.05.21 16:07 B C:\websites\hmg\_themes\blueprnt\bluglob.gif <-- HMG/CMG /hmgweb/_themes/blueprnt bluglob.gif
2004.05.21 16:07 B C:\websites\hmg\_themes\blueprnt\bluhbuda.gif <-- HMG/CMG /hmgweb/_themes/blueprnt bluhbuda.gif
2004.05.21 16:08 B C:\websites\hmg\_themes\blueprnt\bluhbudd.gif <-- HMG/CMG /hmgweb/_themes/blueprnt bluhbudd.gif
2004.05.21 16:08 B C:\websites\hmg\_themes\blueprnt\bluhbuha.gif <-- HMG/CMG /hmgweb/_themes/blueprnt bluhbuha.gif
2004.05.21 16:08 B C:\websites\hmg\_themes\blueprnt\bluhbusa.gif <-- HMG/CMG /hmgweb/_themes/blueprnt bluhbusa.gif
2004.05.21 16:09 B C:\websites\hmg\_themes\blueprnt\bluhbusd.gif <-- HMG/CMG /hmgweb/_themes/blueprnt bluhbusd.gif
2004.05.21 16:09 B C:\websites\hmg\_themes\blueprnt\bluhombd.gif <-- HMG/CMG /hmgweb/_themes/blueprnt bluhombd.gif
2004.05.21 16:09 B C:\websites\hmg\_themes\blueprnt\bluhomda.gif <-- HMG/CMG /hmgweb/_themes/blueprnt bluhomda.gif
2004.05.21 16:10 B C:\websites\hmg\_themes\blueprnt\bluhomha.gif <-- HMG/CMG /hmgweb/_themes/blueprnt bluhomha.gif
2004.05.21 16:10 B C:\websites\hmg\_themes\blueprnt\bluhomsa.gif <-- HMG/CMG /hmgweb/_themes/blueprnt bluhomsa.gif
2004.05.21 16:10 B C:\websites\hmg\_themes\blueprnt\bluhorsa.gif <-- HMG/CMG /hmgweb/_themes/blueprnt bluhorsa.gif
2004.05.21 16:11 B C:\websites\hmg\_themes\blueprnt\bluhorsd.gif <-- HMG/CMG /hmgweb/_themes/blueprnt bluhorsd.gif
2004.05.21 16:11 B C:\websites\hmg\_themes\blueprnt\blunexbd.gif <-- HMG/CMG /hmgweb/_themes/blueprnt blunexbd.gif
2004.05.21 16:11 B C:\websites\hmg\_themes\blueprnt\blunexda.gif <-- HMG/CMG /hmgweb/_themes/blueprnt blunexda.gif
2004.05.21 16:12 B C:\websites\hmg\_themes\blueprnt\blunexha.gif <-- HMG/CMG /hmgweb/_themes/blueprnt blunexha.gif
2004.05.21 16:12 B C:\websites\hmg\_themes\blueprnt\blunexsa.gif <-- HMG/CMG /hmgweb/_themes/blueprnt blunexsa.gif
2004.05.21 16:13 B C:\websites\hmg\_themes\blueprnt\bluprebd.gif <-- HMG/CMG /hmgweb/_themes/blueprnt bluprebd.gif
2004.05.21 16:13 B C:\websites\hmg\_themes\blueprnt\blupreda.gif <-- HMG/CMG /hmgweb/_themes/blueprnt blupreda.gif
2004.05.21 16:13 B C:\websites\hmg\_themes\blueprnt\blupreha.gif <-- HMG/CMG /hmgweb/_themes/blueprnt blupreha.gif
2004.05.21 16:14 B C:\websites\hmg\_themes\blueprnt\blupresa.gif <-- HMG/CMG /hmgweb/_themes/blueprnt blupresa.gif
2004.05.21 16:14 B C:\websites\hmg\_themes\blueprnt\blutextb.gif <-- HMG/CMG /hmgweb/_themes/blueprnt blutextb.gif
2004.05.21 16:14 B C:\websites\hmg\_themes\blueprnt\bluupbd.gif <-- HMG/CMG /hmgweb/_themes/blueprnt bluupbd.gif
2004.05.21 16:15 B C:\websites\hmg\_themes\blueprnt\bluupda.gif <-- HMG/CMG /hmgweb/_themes/blueprnt bluupda.gif
2004.05.21 16:15 B C:\websites\hmg\_themes\blueprnt\bluupha.gif <-- HMG/CMG /hmgweb/_themes/blueprnt bluupha.gif
2004.05.21 16:15 B C:\websites\hmg\_themes\blueprnt\bluupsa.gif <-- HMG/CMG /hmgweb/_themes/blueprnt bluupsa.gif
2004.05.21 16:16 B C:\websites\hmg\_themes\blueprnt\bluvbuda.gif <-- HMG/CMG /hmgweb/_themes/blueprnt bluvbuda.gif
2004.05.21 16:16 B C:\websites\hmg\_themes\blueprnt\bluvbudd.gif <-- HMG/CMG /hmgweb/_themes/blueprnt bluvbudd.gif
2004.05.21 16:16 B C:\websites\hmg\_themes\blueprnt\bluvbuha.gif <-- HMG/CMG /hmgweb/_themes/blueprnt bluvbuha.gif
2004.05.21 16:17 B C:\websites\hmg\_themes\blueprnt\bluvbusd.gif <-- HMG/CMG /hmgweb/_themes/blueprnt bluvbusd.gif
2004.05.21 16:17 B C:\websites\hmg\_themes\blueprnt\buvbusa.gif <-- HMG/CMG /hmgweb/_themes/blueprnt buvbusa.gif
2004.05.21 16:18 B C:\websites\hmg\_themes\blueprnt\color0.css <-- HMG/CMG /hmgweb/_themes/blueprnt color0.css
2004.05.21 16:18 B C:\websites\hmg\_themes\blueprnt\color1.css <-- HMG/CMG /hmgweb/_themes/blueprnt color1.css
2004.05.21 16:18 B C:\websites\hmg\_themes\blueprnt\custom.css <-- HMG/CMG /hmgweb/_themes/blueprnt custom.css
2004.05.21 16:19 B C:\websites\hmg\_themes\blueprnt\graph0.css <-- HMG/CMG /hmgweb/_themes/blueprnt graph0.css
2004.05.21 16:19 B C:\websites\hmg\_themes\blueprnt\graph1.css <-- HMG/CMG /hmgweb/_themes/blueprnt graph1.css
2004.05.21 16:19 B C:\websites\hmg\_themes\blueprnt\theme.css <-- HMG/CMG /hmgweb/_themes/blueprnt theme.css
2004.05.26 14:13 B C:\websites\hmg\_themes\blueprnt\blubanna.gif --> web2.hosting365.ie /hmg.ie/_themes/blueprnt blubanna.gif
2004.05.26 14:13 B C:\websites\hmg\_themes\blueprnt\blubannd.gif --> web2.hosting365.ie /hmg.ie/_themes/blueprnt blubannd.gif
2004.05.26 14:13 B C:\websites\hmg\_themes\blueprnt\blubul1a.gif --> web2.hosting365.ie /hmg.ie/_themes/blueprnt blubul1a.gif
2004.05.26 14:13 B C:\websites\hmg\_themes\blueprnt\blubul1d.gif --> web2.hosting365.ie /hmg.ie/_themes/blueprnt blubul1d.gif
2004.05.26 14:13 B C:\websites\hmg\_themes\blueprnt\blubul2a.gif --> web2.hosting365.ie /hmg.ie/_themes/blueprnt blubul2a.gif
2004.05.26 14:13 B C:\websites\hmg\_themes\blueprnt\blubul2d.gif --> web2.hosting365.ie /hmg.ie/_themes/blueprnt blubul2d.gif
2004.05.26 14:13 B C:\websites\hmg\_themes\blueprnt\blubul3a.gif --> web2.hosting365.ie /hmg.ie/_themes/blueprnt blubul3a.gif
2004.05.26 14:13 B C:\websites\hmg\_themes\blueprnt\blubul3d.gif --> web2.hosting365.ie /hmg.ie/_themes/blueprnt blubul3d.gif
2004.05.26 14:13 B C:\websites\hmg\_themes\blueprnt\blue1111.css --> web2.hosting365.ie /hmg.ie/_themes/blueprnt blue1111.css
2004.05.26 14:13 B C:\websites\hmg\_themes\blueprnt\blueprnt.inf --> web2.hosting365.ie /hmg.ie/_themes/blueprnt blueprnt.inf
2004.05.26 14:13 B C:\websites\hmg\_themes\blueprnt\blueprnt.utf8 --> web2.hosting365.ie /hmg.ie/_themes/blueprnt blueprnt.utf8
2004.05.26 14:13 B C:\websites\hmg\_themes\blueprnt\bluglob.gif --> web2.hosting365.ie /hmg.ie/_themes/blueprnt bluglob.gif
2004.05.26 14:13 B C:\websites\hmg\_themes\blueprnt\bluhbuda.gif --> web2.hosting365.ie /hmg.ie/_themes/blueprnt bluhbuda.gif
2004.05.26 14:13 B C:\websites\hmg\_themes\blueprnt\bluhbudd.gif --> web2.hosting365.ie /hmg.ie/_themes/blueprnt bluhbudd.gif
2004.05.26 14:13 B C:\websites\hmg\_themes\blueprnt\bluhbuha.gif --> web2.hosting365.ie /hmg.ie/_themes/blueprnt bluhbuha.gif
2004.05.26 14:13 B C:\websites\hmg\_themes\blueprnt\bluhbusa.gif --> web2.hosting365.ie /hmg.ie/_themes/blueprnt bluhbusa.gif
2004.05.26 14:13 B C:\websites\hmg\_themes\blueprnt\bluhbusd.gif --> web2.hosting365.ie /hmg.ie/_themes/blueprnt bluhbusd.gif
2004.05.26 14:13 B C:\websites\hmg\_themes\blueprnt\bluhombd.gif --> web2.hosting365.ie /hmg.ie/_themes/blueprnt bluhombd.gif
2004.05.26 14:13 B C:\websites\hmg\_themes\blueprnt\bluhomda.gif --> web2.hosting365.ie /hmg.ie/_themes/blueprnt bluhomda.gif
2004.05.26 14:14 B C:\websites\hmg\_themes\blueprnt\bluhomha.gif --> web2.hosting365.ie /hmg.ie/_themes/blueprnt bluhomha.gif
2004.05.26 14:14 B C:\websites\hmg\_themes\blueprnt\bluhomsa.gif --> web2.hosting365.ie /hmg.ie/_themes/blueprnt bluhomsa.gif
2004.05.26 14:14 B C:\websites\hmg\_themes\blueprnt\bluhorsa.gif --> web2.hosting365.ie /hmg.ie/_themes/blueprnt bluhorsa.gif
2004.05.26 14:14 B C:\websites\hmg\_themes\blueprnt\bluhorsd.gif --> web2.hosting365.ie /hmg.ie/_themes/blueprnt bluhorsd.gif
2004.05.26 14:14 B C:\websites\hmg\_themes\blueprnt\blunexbd.gif --> web2.hosting365.ie /hmg.ie/_themes/blueprnt blunexbd.gif
2004.05.26 14:14 B C:\websites\hmg\_themes\blueprnt\blunexda.gif --> web2.hosting365.ie /hmg.ie/_themes/blueprnt blunexda.gif
2004.05.26 14:14 B C:\websites\hmg\_themes\blueprnt\blunexha.gif --> web2.hosting365.ie /hmg.ie/_themes/blueprnt blunexha.gif
2004.05.26 14:14 B C:\websites\hmg\_themes\blueprnt\blunexsa.gif --> web2.hosting365.ie /hmg.ie/_themes/blueprnt blunexsa.gif
2004.05.26 14:14 B C:\websites\hmg\_themes\blueprnt\bluprebd.gif --> web2.hosting365.ie /hmg.ie/_themes/blueprnt bluprebd.gif
2004.05.26 14:14 B C:\websites\hmg\_themes\blueprnt\blupreda.gif --> web2.hosting365.ie /hmg.ie/_themes/blueprnt blupreda.gif
2004.05.26 14:14 B C:\websites\hmg\_themes\blueprnt\blupreha.gif --> web2.hosting365.ie /hmg.ie/_themes/blueprnt blupreha.gif
2004.05.26 14:14 B C:\websites\hmg\_themes\blueprnt\blupresa.gif --> web2.hosting365.ie /hmg.ie/_themes/blueprnt blupresa.gif
2004.05.26 14:14 B C:\websites\hmg\_themes\blueprnt\blutextb.gif --> web2.hosting365.ie /hmg.ie/_themes/blueprnt blutextb.gif
2004.05.26 14:14 B C:\websites\hmg\_themes\blueprnt\bluupbd.gif --> web2.hosting365.ie /hmg.ie/_themes/blueprnt bluupbd.gif
2004.05.26 14:14 B C:\websites\hmg\_themes\blueprnt\bluupda.gif --> web2.hosting365.ie /hmg.ie/_themes/blueprnt bluupda.gif
2004.05.26 14:14 B C:\websites\hmg\_themes\blueprnt\bluupha.gif --> web2.hosting365.ie /hmg.ie/_themes/blueprnt bluupha.gif
2004.05.26 14:14 B C:\websites\hmg\_themes\blueprnt\bluupsa.gif --> web2.hosting365.ie /hmg.ie/_themes/blueprnt bluupsa.gif
2004.05.26 14:14 B C:\websites\hmg\_themes\blueprnt\bluvbuda.gif --> web2.hosting365.ie /hmg.ie/_themes/blueprnt bluvbuda.gif
2004.05.26 14:14 B C:\websites\hmg\_themes\blueprnt\bluvbudd.gif --> web2.hosting365.ie /hmg.ie/_themes/blueprnt bluvbudd.gif
2004.05.26 14:14 B C:\websites\hmg\_themes\blueprnt\bluvbuha.gif --> web2.hosting365.ie /hmg.ie/_themes/blueprnt bluvbuha.gif
2004.05.26 14:14 B C:\websites\hmg\_themes\blueprnt\bluvbusd.gif --> web2.hosting365.ie /hmg.ie/_themes/blueprnt bluvbusd.gif
2004.05.26 14:14 B C:\websites\hmg\_themes\blueprnt\buvbusa.gif --> web2.hosting365.ie /hmg.ie/_themes/blueprnt buvbusa.gif
2004.05.26 14:14 B C:\websites\hmg\_themes\blueprnt\color0.css --> web2.hosting365.ie /hmg.ie/_themes/blueprnt color0.css
2004.05.26 14:14 B C:\websites\hmg\_themes\blueprnt\color1.css --> web2.hosting365.ie /hmg.ie/_themes/blueprnt color1.css
2004.05.26 14:14 B C:\websites\hmg\_themes\blueprnt\custom.css --> web2.hosting365.ie /hmg.ie/_themes/blueprnt custom.css
2004.05.26 14:14 B C:\websites\hmg\_themes\blueprnt\graph0.css --> web2.hosting365.ie /hmg.ie/_themes/blueprnt graph0.css
2004.05.26 14:14 B C:\websites\hmg\_themes\blueprnt\graph1.css --> web2.hosting365.ie /hmg.ie/_themes/blueprnt graph1.css
2004.05.26 14:14 B C:\websites\hmg\_themes\blueprnt\theme.css --> web2.hosting365.ie /hmg.ie/_themes/blueprnt theme.css
