2004.05.21 16:42 B C:\websites\hmg\images\account.gif <-- HMG/CMG /hmgweb/images account.gif
2004.05.21 16:43 B C:\websites\hmg\images\admin_staff_off.gif <-- HMG/CMG /hmgweb/images admin_staff_off.gif
2004.05.21 16:43 B C:\websites\hmg\images\admin_staff_on.gif <-- HMG/CMG /hmgweb/images admin_staff_on.gif
2004.05.21 16:43 B C:\websites\hmg\images\admin_staff_text.gif <-- HMG/CMG /hmgweb/images admin_staff_text.gif
2004.05.21 16:44 B C:\websites\hmg\images\arch_tech_off.gif <-- HMG/CMG /hmgweb/images arch_tech_off.gif
2004.05.21 16:44 B C:\websites\hmg\images\arch_tech_on.gif <-- HMG/CMG /hmgweb/images arch_tech_on.gif
2004.05.21 16:44 B C:\websites\hmg\images\arch_tech_text.gif <-- HMG/CMG /hmgweb/images arch_tech_text.gif
2004.05.21 16:45 B C:\websites\hmg\images\architect_off.gif <-- HMG/CMG /hmgweb/images architect_off.gif
2004.05.21 16:45 B C:\websites\hmg\images\architect_on.gif <-- HMG/CMG /hmgweb/images architect_on.gif
2004.05.21 16:45 B C:\websites\hmg\images\architect_text.gif <-- HMG/CMG /hmgweb/images architect_text.gif
2004.05.21 16:46 B C:\websites\hmg\images\bill-of-quantity.gif <-- HMG/CMG /hmgweb/images bill-of-quantity.gif
2004.05.21 16:46 B C:\websites\hmg\images\building_surveyor_off.gif <-- HMG/CMG /hmgweb/images building_surveyor_off.gif
2004.05.21 16:46 B C:\websites\hmg\images\building_surveyor_on.gif <-- HMG/CMG /hmgweb/images building_surveyor_on.gif
2004.05.21 16:47 B C:\websites\hmg\images\building_surveyor_text.gif <-- HMG/CMG /hmgweb/images building_surveyor_text.gif
2004.05.21 16:47 B C:\websites\hmg\images\fire_safety_off.gif <-- HMG/CMG /hmgweb/images fire_safety_off.gif
2004.05.21 16:48 B C:\websites\hmg\images\fire_safety_on.gif <-- HMG/CMG /hmgweb/images fire_safety_on.gif
2004.05.21 16:48 B C:\websites\hmg\images\fire_safety_text.gif <-- HMG/CMG /hmgweb/images fire_safety_text.gif
2004.05.21 16:48 B C:\websites\hmg\images\ghosted_image.jpg <-- HMG/CMG /hmgweb/images ghosted_image.jpg
2004.05.21 16:49 B C:\websites\hmg\images\ghosted_image_v1.jpg <-- HMG/CMG /hmgweb/images ghosted_image_v1.jpg
2004.05.21 16:49 B C:\websites\hmg\images\ghosted_image_v3.jpg <-- HMG/CMG /hmgweb/images ghosted_image_v3.jpg
2004.05.21 16:50 B C:\websites\hmg\images\ghosted_image_v4.jpg <-- HMG/CMG /hmgweb/images ghosted_image_v4.jpg
2004.05.21 16:50 B C:\websites\hmg\images\graphic_present_off.gif <-- HMG/CMG /hmgweb/images graphic_present_off.gif
2004.05.21 16:50 B C:\websites\hmg\images\graphic_present_on.gif <-- HMG/CMG /hmgweb/images graphic_present_on.gif
2004.05.21 16:51 B C:\websites\hmg\images\graphic_present_text.gif <-- HMG/CMG /hmgweb/images graphic_present_text.gif
2004.05.21 16:51 B C:\websites\hmg\images\hc.gif <-- HMG/CMG /hmgweb/images hc.gif
2004.05.21 16:52 B C:\websites\hmg\images\height_spacer.gif <-- HMG/CMG /hmgweb/images height_spacer.gif
2004.05.21 16:52 B C:\websites\hmg\images\high_4.gif <-- HMG/CMG /hmgweb/images high_4.gif
2004.05.21 16:52 B C:\websites\hmg\images\hmg-cmg-drawing.swf <-- HMG/CMG /hmgweb/images hmg-cmg-drawing.swf
2004.05.21 16:53 B C:\websites\hmg\images\home.jpg <-- HMG/CMG /hmgweb/images home.jpg
2004.05.21 16:53 B C:\websites\hmg\images\horiz_grey_bar.jpg <-- HMG/CMG /hmgweb/images horiz_grey_bar.jpg
2004.05.21 16:54 B C:\websites\hmg\images\hp_test1.jpg <-- HMG/CMG /hmgweb/images hp_test1.jpg
2004.05.21 16:54 B C:\websites\hmg\images\hs_consultants_off.gif <-- HMG/CMG /hmgweb/images hs_consultants_off.gif
2004.05.21 16:54 B C:\websites\hmg\images\hs_consultants_on.gif <-- HMG/CMG /hmgweb/images hs_consultants_on.gif
2004.05.21 16:55 B C:\websites\hmg\images\hs_consultants_text.gif <-- HMG/CMG /hmgweb/images hs_consultants_text.gif
2004.05.21 16:55 B C:\websites\hmg\images\land_surveyor_off.gif <-- HMG/CMG /hmgweb/images land_surveyor_off.gif
2004.05.21 16:55 B C:\websites\hmg\images\land_surveyor_on.gif <-- HMG/CMG /hmgweb/images land_surveyor_on.gif
2004.05.21 16:56 B C:\websites\hmg\images\land_surveyor_text.gif <-- HMG/CMG /hmgweb/images land_surveyor_text.gif
2004.05.21 16:56 B C:\websites\hmg\images\logo.jpg <-- HMG/CMG /hmgweb/images logo.jpg
2004.05.21 16:56 B C:\websites\hmg\images\map.jpg <-- HMG/CMG /hmgweb/images map.jpg
2004.05.21 16:57 B C:\websites\hmg\images\menu_bar.jpg <-- HMG/CMG /hmgweb/images menu_bar.jpg
2004.05.21 16:57 B C:\websites\hmg\images\menu_bgd.jpg <-- HMG/CMG /hmgweb/images menu_bgd.jpg
2004.05.21 16:57 B C:\websites\hmg\images\menu_bgd_old.jpg <-- HMG/CMG /hmgweb/images menu_bgd_old.jpg
2004.05.21 16:58 B C:\websites\hmg\images\oval_centre.gif <-- HMG/CMG /hmgweb/images oval_centre.gif
2004.05.21 16:58 B C:\websites\hmg\images\portfolio_box_off.gif <-- HMG/CMG /hmgweb/images portfolio_box_off.gif
2004.05.21 16:59 B C:\websites\hmg\images\portfolio_box_on.gif <-- HMG/CMG /hmgweb/images portfolio_box_on.gif
2004.05.21 16:59 B C:\websites\hmg\images\portfolio_details_bgd.jpg <-- HMG/CMG /hmgweb/images portfolio_details_bgd.jpg
2004.05.21 16:59 B C:\websites\hmg\images\portfolio_details_bgd_v1.jpg <-- HMG/CMG /hmgweb/images portfolio_details_bgd_v1.jpg
2004.05.21 17:00 B C:\websites\hmg\images\portfolio_general.jpg <-- HMG/CMG /hmgweb/images portfolio_general.jpg
2004.05.21 17:00 B C:\websites\hmg\images\portfolio_main.jpg <-- HMG/CMG /hmgweb/images portfolio_main.jpg
2004.05.21 17:00 B C:\websites\hmg\images\portfolio_small.jpg <-- HMG/CMG /hmgweb/images portfolio_small.jpg
2004.05.21 17:01 B C:\websites\hmg\images\portfolio_strip.jpg <-- HMG/CMG /hmgweb/images portfolio_strip.jpg
2004.05.21 17:01 B C:\websites\hmg\images\project_arch_off.gif <-- HMG/CMG /hmgweb/images project_arch_off.gif
2004.05.21 17:01 B C:\websites\hmg\images\project_arch_on.gif <-- HMG/CMG /hmgweb/images project_arch_on.gif
2004.05.21 17:02 B C:\websites\hmg\images\project_arch_text.gif <-- HMG/CMG /hmgweb/images project_arch_text.gif
2004.05.21 17:02 B C:\websites\hmg\images\quantity_surveyor_off.gif <-- HMG/CMG /hmgweb/images quantity_surveyor_off.gif
2004.05.21 17:02 B C:\websites\hmg\images\quantity_surveyor_on.gif <-- HMG/CMG /hmgweb/images quantity_surveyor_on.gif
2004.05.21 17:03 B C:\websites\hmg\images\quantity_surveyor_text.gif <-- HMG/CMG /hmgweb/images quantity_surveyor_text.gif
2004.05.21 17:03 B C:\websites\hmg\images\return.gif <-- HMG/CMG /hmgweb/images return.gif
2004.05.21 17:04 B C:\websites\hmg\images\senior_arch_tech_off.gif <-- HMG/CMG /hmgweb/images senior_arch_tech_off.gif
2004.05.21 17:04 B C:\websites\hmg\images\senior_arch_tech_on.gif <-- HMG/CMG /hmgweb/images senior_arch_tech_on.gif
2004.05.21 17:04 B C:\websites\hmg\images\senior_arch_tech_text.gif <-- HMG/CMG /hmgweb/images senior_arch_tech_text.gif
2004.05.21 17:05 B C:\websites\hmg\images\str_eng_off.gif <-- HMG/CMG /hmgweb/images str_eng_off.gif
2004.05.21 17:05 B C:\websites\hmg\images\str_eng_on.gif <-- HMG/CMG /hmgweb/images str_eng_on.gif
2004.05.21 17:05 B C:\websites\hmg\images\str_eng_text.gif <-- HMG/CMG /hmgweb/images str_eng_text.gif
2004.05.21 17:06 B C:\websites\hmg\images\structural_eng_off.gif <-- HMG/CMG /hmgweb/images structural_eng_off.gif
2004.05.21 17:06 B C:\websites\hmg\images\structural_eng_on.gif <-- HMG/CMG /hmgweb/images structural_eng_on.gif
2004.05.21 17:06 B C:\websites\hmg\images\survey_men.gif <-- HMG/CMG /hmgweb/images survey_men.gif
2004.05.21 17:07 B C:\websites\hmg\images\trans.gif <-- HMG/CMG /hmgweb/images trans.gif
2004.05.21 17:07 B C:\websites\hmg\images\vert_bar.jpg <-- HMG/CMG /hmgweb/images vert_bar.jpg
2004.05.21 17:07 B C:\websites\hmg\images\white_bullet.gif <-- HMG/CMG /hmgweb/images white_bullet.gif
2004.05.21 17:08 B C:\websites\hmg\images\wide_12.gif <-- HMG/CMG /hmgweb/images wide_12.gif
2004.05.25 10:42 B C:\websites\hmg\images\account.gif --> web2.hosting365.ie /hmg.ie/images account.gif
2004.05.25 10:42 B C:\websites\hmg\images\admin_staff_off.gif --> web2.hosting365.ie /hmg.ie/images admin_staff_off.gif
2004.05.25 10:42 B C:\websites\hmg\images\admin_staff_on.gif --> web2.hosting365.ie /hmg.ie/images admin_staff_on.gif
2004.05.25 10:42 B C:\websites\hmg\images\admin_staff_text.gif --> web2.hosting365.ie /hmg.ie/images admin_staff_text.gif
2004.05.25 10:42 B C:\websites\hmg\images\arch_tech_off.gif --> web2.hosting365.ie /hmg.ie/images arch_tech_off.gif
2004.05.25 10:42 B C:\websites\hmg\images\arch_tech_on.gif --> web2.hosting365.ie /hmg.ie/images arch_tech_on.gif
2004.05.25 10:42 B C:\websites\hmg\images\arch_tech_text.gif --> web2.hosting365.ie /hmg.ie/images arch_tech_text.gif
2004.05.25 10:42 B C:\websites\hmg\images\architect_off.gif --> web2.hosting365.ie /hmg.ie/images architect_off.gif
2004.05.25 10:42 B C:\websites\hmg\images\architect_on.gif --> web2.hosting365.ie /hmg.ie/images architect_on.gif
2004.05.25 10:42 B C:\websites\hmg\images\architect_text.gif --> web2.hosting365.ie /hmg.ie/images architect_text.gif
2004.05.25 10:42 B C:\websites\hmg\images\bill-of-quantity.gif --> web2.hosting365.ie /hmg.ie/images bill-of-quantity.gif
2004.05.25 10:42 B C:\websites\hmg\images\building_surveyor_off.gif --> web2.hosting365.ie /hmg.ie/images building_surveyor_off.gif
2004.05.25 10:42 B C:\websites\hmg\images\building_surveyor_on.gif --> web2.hosting365.ie /hmg.ie/images building_surveyor_on.gif
2004.05.25 10:42 B C:\websites\hmg\images\building_surveyor_text.gif --> web2.hosting365.ie /hmg.ie/images building_surveyor_text.gif
2004.05.25 10:42 B C:\websites\hmg\images\fire_safety_off.gif --> web2.hosting365.ie /hmg.ie/images fire_safety_off.gif
2004.05.25 10:42 B C:\websites\hmg\images\fire_safety_on.gif --> web2.hosting365.ie /hmg.ie/images fire_safety_on.gif
2004.05.25 10:42 B C:\websites\hmg\images\fire_safety_text.gif --> web2.hosting365.ie /hmg.ie/images fire_safety_text.gif
2004.05.25 10:42 B C:\websites\hmg\images\ghosted_image.jpg --> web2.hosting365.ie /hmg.ie/images ghosted_image.jpg
2004.05.25 10:42 B C:\websites\hmg\images\ghosted_image_v1.jpg --> web2.hosting365.ie /hmg.ie/images ghosted_image_v1.jpg
2004.05.25 10:42 B C:\websites\hmg\images\ghosted_image_v3.jpg --> web2.hosting365.ie /hmg.ie/images ghosted_image_v3.jpg
2004.05.25 10:42 B C:\websites\hmg\images\ghosted_image_v4.jpg --> web2.hosting365.ie /hmg.ie/images ghosted_image_v4.jpg
2004.05.25 10:42 B C:\websites\hmg\images\graphic_present_off.gif --> web2.hosting365.ie /hmg.ie/images graphic_present_off.gif
2004.05.25 10:42 B C:\websites\hmg\images\graphic_present_on.gif --> web2.hosting365.ie /hmg.ie/images graphic_present_on.gif
2004.05.25 10:42 B C:\websites\hmg\images\graphic_present_text.gif --> web2.hosting365.ie /hmg.ie/images graphic_present_text.gif
2004.05.25 10:42 B C:\websites\hmg\images\hc.gif --> web2.hosting365.ie /hmg.ie/images hc.gif
2004.05.25 10:42 B C:\websites\hmg\images\height_spacer.gif --> web2.hosting365.ie /hmg.ie/images height_spacer.gif
2004.05.25 10:42 B C:\websites\hmg\images\high_4.gif --> web2.hosting365.ie /hmg.ie/images high_4.gif
2004.05.25 10:42 B C:\websites\hmg\images\hmg-cmg-drawing.swf --> web2.hosting365.ie /hmg.ie/images hmg-cmg-drawing.swf
2004.05.25 10:42 B C:\websites\hmg\images\home.jpg --> web2.hosting365.ie /hmg.ie/images home.jpg
2004.05.25 10:42 B C:\websites\hmg\images\horiz_grey_bar.jpg --> web2.hosting365.ie /hmg.ie/images horiz_grey_bar.jpg
2004.05.25 10:42 B C:\websites\hmg\images\hp_test1.jpg --> web2.hosting365.ie /hmg.ie/images hp_test1.jpg
2004.05.25 10:42 B C:\websites\hmg\images\hs_consultants_off.gif --> web2.hosting365.ie /hmg.ie/images hs_consultants_off.gif
2004.05.25 10:42 B C:\websites\hmg\images\hs_consultants_on.gif --> web2.hosting365.ie /hmg.ie/images hs_consultants_on.gif
2004.05.25 10:42 B C:\websites\hmg\images\hs_consultants_text.gif --> web2.hosting365.ie /hmg.ie/images hs_consultants_text.gif
2004.05.25 10:42 B C:\websites\hmg\images\land_surveyor_off.gif --> web2.hosting365.ie /hmg.ie/images land_surveyor_off.gif
2004.05.25 10:42 B C:\websites\hmg\images\land_surveyor_on.gif --> web2.hosting365.ie /hmg.ie/images land_surveyor_on.gif
2004.05.25 10:42 B C:\websites\hmg\images\land_surveyor_text.gif --> web2.hosting365.ie /hmg.ie/images land_surveyor_text.gif
2004.05.25 10:42 B C:\websites\hmg\images\logo.jpg --> web2.hosting365.ie /hmg.ie/images logo.jpg
2004.05.25 10:42 B C:\websites\hmg\images\map.jpg --> web2.hosting365.ie /hmg.ie/images map.jpg
2004.05.25 10:42 B C:\websites\hmg\images\menu_bar.jpg --> web2.hosting365.ie /hmg.ie/images menu_bar.jpg
2004.05.25 10:42 B C:\websites\hmg\images\menu_bgd.jpg --> web2.hosting365.ie /hmg.ie/images menu_bgd.jpg
2004.05.25 10:42 B C:\websites\hmg\images\menu_bgd_old.jpg --> web2.hosting365.ie /hmg.ie/images menu_bgd_old.jpg
2004.05.25 10:42 B C:\websites\hmg\images\oval_centre.gif --> web2.hosting365.ie /hmg.ie/images oval_centre.gif
2004.05.25 10:42 B C:\websites\hmg\images\portfolio_box_off.gif --> web2.hosting365.ie /hmg.ie/images portfolio_box_off.gif
2004.05.25 10:42 B C:\websites\hmg\images\portfolio_box_on.gif --> web2.hosting365.ie /hmg.ie/images portfolio_box_on.gif
2004.05.25 10:42 B C:\websites\hmg\images\portfolio_details_bgd.jpg --> web2.hosting365.ie /hmg.ie/images portfolio_details_bgd.jpg
2004.05.25 10:42 B C:\websites\hmg\images\portfolio_details_bgd_v1.jpg --> web2.hosting365.ie /hmg.ie/images portfolio_details_bgd_v1.jpg
2004.05.25 10:42 B C:\websites\hmg\images\portfolio_general.jpg --> web2.hosting365.ie /hmg.ie/images portfolio_general.jpg
2004.05.25 10:42 B C:\websites\hmg\images\portfolio_main.jpg --> web2.hosting365.ie /hmg.ie/images portfolio_main.jpg
2004.05.25 10:42 B C:\websites\hmg\images\portfolio_small.jpg --> web2.hosting365.ie /hmg.ie/images portfolio_small.jpg
2004.05.25 10:42 B C:\websites\hmg\images\portfolio_strip.jpg --> web2.hosting365.ie /hmg.ie/images portfolio_strip.jpg
2004.05.25 10:42 B C:\websites\hmg\images\project_arch_off.gif --> web2.hosting365.ie /hmg.ie/images project_arch_off.gif
2004.05.25 10:42 B C:\websites\hmg\images\project_arch_on.gif --> web2.hosting365.ie /hmg.ie/images project_arch_on.gif
2004.05.25 10:42 B C:\websites\hmg\images\project_arch_text.gif --> web2.hosting365.ie /hmg.ie/images project_arch_text.gif
2004.05.25 10:42 B C:\websites\hmg\images\quantity_surveyor_off.gif --> web2.hosting365.ie /hmg.ie/images quantity_surveyor_off.gif
2004.05.25 10:42 B C:\websites\hmg\images\quantity_surveyor_on.gif --> web2.hosting365.ie /hmg.ie/images quantity_surveyor_on.gif
2004.05.25 10:42 B C:\websites\hmg\images\quantity_surveyor_text.gif --> web2.hosting365.ie /hmg.ie/images quantity_surveyor_text.gif
2004.05.25 10:42 B C:\websites\hmg\images\return.gif --> web2.hosting365.ie /hmg.ie/images return.gif
2004.05.25 10:42 B C:\websites\hmg\images\senior_arch_tech_off.gif --> web2.hosting365.ie /hmg.ie/images senior_arch_tech_off.gif
2004.05.25 10:42 B C:\websites\hmg\images\senior_arch_tech_on.gif --> web2.hosting365.ie /hmg.ie/images senior_arch_tech_on.gif
2004.05.25 10:42 B C:\websites\hmg\images\senior_arch_tech_text.gif --> web2.hosting365.ie /hmg.ie/images senior_arch_tech_text.gif
2004.05.25 10:42 B C:\websites\hmg\images\str_eng_off.gif --> web2.hosting365.ie /hmg.ie/images str_eng_off.gif
2004.05.25 10:42 B C:\websites\hmg\images\str_eng_on.gif --> web2.hosting365.ie /hmg.ie/images str_eng_on.gif
2004.05.25 10:42 B C:\websites\hmg\images\str_eng_text.gif --> web2.hosting365.ie /hmg.ie/images str_eng_text.gif
2004.05.25 10:42 B C:\websites\hmg\images\structural_eng_off.gif --> web2.hosting365.ie /hmg.ie/images structural_eng_off.gif
2004.05.25 10:42 B C:\websites\hmg\images\structural_eng_on.gif --> web2.hosting365.ie /hmg.ie/images structural_eng_on.gif
2004.05.25 10:42 B C:\websites\hmg\images\survey_men.gif --> web2.hosting365.ie /hmg.ie/images survey_men.gif
2004.05.25 10:42 B C:\websites\hmg\images\trans.gif --> web2.hosting365.ie /hmg.ie/images trans.gif
2004.05.25 10:42 B C:\websites\hmg\images\vert_bar.jpg --> web2.hosting365.ie /hmg.ie/images vert_bar.jpg
2004.05.25 10:42 B C:\websites\hmg\images\white_bullet.gif --> web2.hosting365.ie /hmg.ie/images white_bullet.gif
2004.05.25 10:42 B C:\websites\hmg\images\wide_12.gif --> web2.hosting365.ie /hmg.ie/images wide_12.gif
